<?xml version="1.0" encoding="UTF-8"?>
<!-- Generated by org.testng.reporters.JUnitXMLReporter -->
<testsuite ignored="0" hostname="DESKTOP-2HGK5KQ" failures="0" tests="5" name="Default test" time="89.738" errors="0" timestamp="2025-03-06T23:36:00 IST">
  <testcase classname="rahulshettyacademy.tests.ErrorValidations" name="LoginErrorValidation" time="1.342"/>
  <testcase classname="rahulshettyacademy.tests.ErrorValidations" name="producterrorValidation" time="8.462"/>
  <testcase classname="rahulshettyacademy.tests.Submitorder" name="submitOrder" time="18.164"/>
  <testcase classname="rahulshettyacademy.tests.Submitorder" name="submitOrder" time="17.66"/>
  <testcase classname="rahulshettyacademy.tests.Submitorder" name="orderHistoryTest" time="2.909"/>
</testsuite> <!-- Default test -->
