<?xml version="1.0" encoding="UTF-8"?>
<!-- Generated by org.testng.reporters.JUnitXMLReporter -->
<testsuite ignored="0" hostname="DESKTOP-2HGK5KQ" failures="0" tests="2" name="Error Validation Test" time="21.092" errors="0" timestamp="2025-03-06T18:32:32 IST">
  <testcase classname="rahulshettyacademy.tests.ErrorValidations" name="LoginErrorValidation" time="0.637"/>
  <testcase classname="rahulshettyacademy.tests.ErrorValidations" name="producterrorValidation" time="8.563"/>
</testsuite> <!-- Error Validation Test -->
