<?xml version="1.0" encoding="UTF-8"?>
<!-- Generated by org.testng.reporters.JUnitXMLReporter -->
<testsuite ignored="0" hostname="DESKTOP-2HGK5KQ" failures="0" tests="3" name="Submit Order Test" time="54.793" errors="0" timestamp="2025-03-06T18:32:11 IST">
  <testcase classname="rahulshettyacademy.tests.Submitorder" name="submitOrder" time="18.247"/>
  <testcase classname="rahulshettyacademy.tests.Submitorder" name="submitOrder" time="18.422"/>
  <testcase classname="rahulshettyacademy.tests.Submitorder" name="orderHistoryTest" time="3.116"/>
</testsuite> <!-- Submit Order Test -->
