<?xml version="1.0" encoding="UTF-8"?>
<!-- Generated by org.testng.reporters.JUnitXMLReporter -->
<testsuite ignored="0" hostname="DESKTOP-2HGK5KQ" failures="0" tests="5" name="Test" time="66.244" errors="0" timestamp="2025-03-06T18:34:12 IST">
  <testcase classname="rahulshettyacademy.tests.Submitorder" name="submitOrder" time="18.005"/>
  <testcase classname="rahulshettyacademy.tests.Submitorder" name="submitOrder" time="17.708"/>
  <testcase classname="rahulshettyacademy.tests.Submitorder" name="orderHistoryTest" time="2.716"/>
  <testcase classname="rahulshettyacademy.tests.ErrorValidations" name="LoginErrorValidation" time="0.66"/>
  <testcase classname="rahulshettyacademy.tests.ErrorValidations" name="producterrorValidation" time="8.433"/>
</testsuite> <!-- Test -->
