<?xml version="1.0" encoding="UTF-8"?>
<!-- Generated by org.testng.reporters.JUnitXMLReporter -->
<testsuite ignored="0" hostname="DESKTOP-2HGK5KQ" failures="0" tests="2" name="Error Validation Test" time="18.798" errors="0" timestamp="2025-03-05T11:50:57 IST">
  <testcase classname="rahulshettyacademy.tests.ErrorValidations" name="LoginErrorValidation" time="1.043"/>
  <testcase classname="rahulshettyacademy.tests.ErrorValidations" name="producterrorValidation" time="7.875"/>
</testsuite> <!-- Error Validation Test -->
