<?xml version="1.0" encoding="UTF-8"?>
<!-- Generated by org.testng.reporters.JUnitXMLReporter -->
<testsuite ignored="1" hostname="DESKTOP-2HGK5KQ" failures="0" tests="2" name="Submit Order Test" time="43.188" errors="0" timestamp="2025-03-05T11:46:34 IST">
  <testcase classname="rahulshettyacademy.tests.Submitorder" name="submitOrder" time="17.879"/>
  <testcase classname="rahulshettyacademy.tests.Submitorder" name="submitOrder" time="17.625"/>
  <testcase classname="rahulshettyacademy.tests.Submitorder" name="orderHistoryTest" time="0.0">
    <ignored/>
  </testcase> <!-- orderHistoryTest -->
</testsuite> <!-- Submit Order Test -->
