<?xml version="1.0" encoding="UTF-8"?>
<!-- Generated by org.testng.reporters.JUnitXMLReporter -->
<testsuite ignored="0" hostname="DESKTOP-2HGK5KQ" failures="0" tests="3" name="submit order" time="53.168" errors="0" timestamp="2025-03-05T10:36:05 IST">
  <testcase classname="rahulshettyacademy.tests.Submitorder" name="submitOrder" time="19.23"/>
  <testcase classname="rahulshettyacademy.tests.Submitorder" name="submitOrder" time="18.602"/>
  <testcase classname="rahulshettyacademy.tests.Submitorder" name="orderHistoryTest" time="2.888"/>
</testsuite> <!-- submit order -->
