<?xml version="1.0" encoding="UTF-8"?>
<testng-results ignored="0" total="2" passed="2" failed="0" skipped="0">
  <reporter-output>
  </reporter-output>
  <suite started-at="2025-03-05T11:50:38 IST" name="Suite" finished-at="2025-03-05T11:50:57 IST" duration-ms="18798">
    <groups>
      <group name="ErrorHandlings">
        <method signature="ErrorValidations.LoginErrorValidation()[pri:0, instance:rahulshettyacademy.tests.ErrorValidations@2462cb01]" name="LoginErrorValidation" class="rahulshettyacademy.tests.ErrorValidations"/>
      </group> <!-- ErrorHandlings -->
    </groups>
    <test started-at="2025-03-05T11:50:38 IST" name="Error Validation Test" finished-at="2025-03-05T11:50:57 IST" duration-ms="18798">
      <class name="rahulshettyacademy.tests.ErrorValidations">
        <test-method is-config="true" signature="launchApplication()[pri:0, instance:rahulshettyacademy.tests.ErrorValidations@2462cb01]" started-at="2025-03-05T11:50:38 IST" name="launchApplication" finished-at="2025-03-05T11:50:44 IST" duration-ms="5799" status="PASS">
          <reporter-output>
          </reporter-output>
        </test-method> <!-- launchApplication -->
        <test-method signature="LoginErrorValidation()[pri:0, instance:rahulshettyacademy.tests.ErrorValidations@2462cb01]" started-at="2025-03-05T11:50:44 IST" name="LoginErrorValidation" finished-at="2025-03-05T11:50:45 IST" duration-ms="1043" status="PASS">
          <reporter-output>
          </reporter-output>
        </test-method> <!-- LoginErrorValidation -->
        <test-method is-config="true" signature="tearDown()[pri:0, instance:rahulshettyacademy.tests.ErrorValidations@2462cb01]" started-at="2025-03-05T11:50:45 IST" name="tearDown" finished-at="2025-03-05T11:50:45 IST" duration-ms="70" status="PASS">
          <reporter-output>
          </reporter-output>
        </test-method> <!-- tearDown -->
        <test-method is-config="true" signature="launchApplication()[pri:0, instance:rahulshettyacademy.tests.ErrorValidations@2462cb01]" started-at="2025-03-05T11:50:45 IST" name="launchApplication" finished-at="2025-03-05T11:50:49 IST" duration-ms="3914" status="PASS">
          <reporter-output>
          </reporter-output>
        </test-method> <!-- launchApplication -->
        <test-method signature="producterrorValidation()[pri:0, instance:rahulshettyacademy.tests.ErrorValidations@2462cb01]" started-at="2025-03-05T11:50:49 IST" name="producterrorValidation" finished-at="2025-03-05T11:50:57 IST" duration-ms="7875" status="PASS">
          <reporter-output>
          </reporter-output>
        </test-method> <!-- producterrorValidation -->
        <test-method is-config="true" signature="tearDown()[pri:0, instance:rahulshettyacademy.tests.ErrorValidations@2462cb01]" started-at="2025-03-05T11:50:57 IST" name="tearDown" finished-at="2025-03-05T11:50:57 IST" duration-ms="47" status="PASS">
          <reporter-output>
          </reporter-output>
        </test-method> <!-- tearDown -->
      </class> <!-- rahulshettyacademy.tests.ErrorValidations -->
    </test> <!-- Error Validation Test -->
  </suite> <!-- Suite -->
</testng-results>
