<?xml version="1.0" encoding="UTF-8"?>
<testng-results ignored="0" total="5" passed="5" failed="0" skipped="0">
  <reporter-output>
  </reporter-output>
  <suite started-at="2025-03-06T23:34:30 IST" name="Default suite" finished-at="2025-03-06T23:36:00 IST" duration-ms="89738">
    <groups>
      <group name="ErrorHandlings">
        <method signature="ErrorValidations.LoginErrorValidation()[pri:0, instance:rahulshettyacademy.tests.ErrorValidations@51bd8b5c]" name="LoginErrorValidation" class="rahulshettyacademy.tests.ErrorValidations"/>
      </group> <!-- ErrorHandlings -->
      <group name="Purchage">
        <method signature="Submitorder.submitOrder(java.util.HashMap)[pri:0, instance:rahulshettyacademy.tests.Submitorder@19b843ba]" name="submitOrder" class="rahulshettyacademy.tests.Submitorder"/>
      </group> <!-- Purchage -->
    </groups>
    <test started-at="2025-03-06T23:34:30 IST" name="Default test" finished-at="2025-03-06T23:36:00 IST" duration-ms="89738">
      <class name="rahulshettyacademy.tests.ErrorValidations">
        <test-method is-config="true" signature="launchApplication()[pri:0, instance:rahulshettyacademy.tests.ErrorValidations@51bd8b5c]" started-at="2025-03-06T23:34:30 IST" name="launchApplication" finished-at="2025-03-06T23:34:39 IST" duration-ms="9059" status="PASS">
          <reporter-output>
          </reporter-output>
        </test-method> <!-- launchApplication -->
        <test-method signature="LoginErrorValidation()[pri:0, instance:rahulshettyacademy.tests.ErrorValidations@51bd8b5c]" started-at="2025-03-06T23:34:39 IST" name="LoginErrorValidation" finished-at="2025-03-06T23:34:41 IST" duration-ms="1342" status="PASS">
          <reporter-output>
          </reporter-output>
        </test-method> <!-- LoginErrorValidation -->
        <test-method is-config="true" signature="tearDown()[pri:0, instance:rahulshettyacademy.tests.ErrorValidations@51bd8b5c]" started-at="2025-03-06T23:34:41 IST" name="tearDown" finished-at="2025-03-06T23:34:41 IST" duration-ms="209" status="PASS">
          <reporter-output>
          </reporter-output>
        </test-method> <!-- tearDown -->
        <test-method is-config="true" signature="launchApplication()[pri:0, instance:rahulshettyacademy.tests.ErrorValidations@51bd8b5c]" started-at="2025-03-06T23:34:41 IST" name="launchApplication" finished-at="2025-03-06T23:34:45 IST" duration-ms="3943" status="PASS">
          <reporter-output>
          </reporter-output>
        </test-method> <!-- launchApplication -->
        <test-method signature="producterrorValidation()[pri:0, instance:rahulshettyacademy.tests.ErrorValidations@51bd8b5c]" started-at="2025-03-06T23:34:45 IST" name="producterrorValidation" finished-at="2025-03-06T23:34:53 IST" duration-ms="8462" status="PASS">
          <reporter-output>
          </reporter-output>
        </test-method> <!-- producterrorValidation -->
        <test-method is-config="true" signature="tearDown()[pri:0, instance:rahulshettyacademy.tests.ErrorValidations@51bd8b5c]" started-at="2025-03-06T23:34:53 IST" name="tearDown" finished-at="2025-03-06T23:34:53 IST" duration-ms="107" status="PASS">
          <reporter-output>
          </reporter-output>
        </test-method> <!-- tearDown -->
      </class> <!-- rahulshettyacademy.tests.ErrorValidations -->
      <class name="rahulshettyacademy.tests.Submitorder">
        <test-method is-config="true" signature="launchApplication()[pri:0, instance:rahulshettyacademy.tests.Submitorder@19b843ba]" started-at="2025-03-06T23:34:54 IST" name="launchApplication" finished-at="2025-03-06T23:35:11 IST" duration-ms="17099" status="PASS">
          <reporter-output>
          </reporter-output>
        </test-method> <!-- launchApplication -->
        <test-method signature="submitOrder(java.util.HashMap)[pri:0, instance:rahulshettyacademy.tests.Submitorder@19b843ba]" started-at="2025-03-06T23:35:11 IST" name="submitOrder" data-provider="getData" finished-at="2025-03-06T23:35:29 IST" duration-ms="18164" status="PASS">
          <params>
            <param index="0">
              <value>
                <![CDATA[{password=Iamking@000, product=ZARA COAT 3, email=anshika@gmail.com}]]>
              </value>
            </param>
          </params>
          <reporter-output>
          </reporter-output>
        </test-method> <!-- submitOrder -->
        <test-method is-config="true" signature="tearDown()[pri:0, instance:rahulshettyacademy.tests.Submitorder@19b843ba]" started-at="2025-03-06T23:35:29 IST" name="tearDown" finished-at="2025-03-06T23:35:29 IST" duration-ms="110" status="PASS">
          <reporter-output>
          </reporter-output>
        </test-method> <!-- tearDown -->
        <test-method is-config="true" signature="launchApplication()[pri:0, instance:rahulshettyacademy.tests.Submitorder@19b843ba]" started-at="2025-03-06T23:35:29 IST" name="launchApplication" finished-at="2025-03-06T23:35:35 IST" duration-ms="6097" status="PASS">
          <reporter-output>
          </reporter-output>
        </test-method> <!-- launchApplication -->
        <test-method signature="submitOrder(java.util.HashMap)[pri:0, instance:rahulshettyacademy.tests.Submitorder@19b843ba]" started-at="2025-03-06T23:35:35 IST" name="submitOrder" data-provider="getData" finished-at="2025-03-06T23:35:53 IST" duration-ms="17660" status="PASS">
          <params>
            <param index="0">
              <value>
                <![CDATA[{password=Iamking@000, product=ADIDAS ORIGINAL, email=shetty@gmail.com}]]>
              </value>
            </param>
          </params>
          <reporter-output>
          </reporter-output>
        </test-method> <!-- submitOrder -->
        <test-method is-config="true" signature="tearDown()[pri:0, instance:rahulshettyacademy.tests.Submitorder@19b843ba]" started-at="2025-03-06T23:35:53 IST" name="tearDown" finished-at="2025-03-06T23:35:53 IST" duration-ms="98" status="PASS">
          <reporter-output>
          </reporter-output>
        </test-method> <!-- tearDown -->
        <test-method is-config="true" signature="launchApplication()[pri:0, instance:rahulshettyacademy.tests.Submitorder@19b843ba]" started-at="2025-03-06T23:35:53 IST" name="launchApplication" finished-at="2025-03-06T23:35:57 IST" duration-ms="3934" status="PASS">
          <reporter-output>
          </reporter-output>
        </test-method> <!-- launchApplication -->
        <test-method signature="orderHistoryTest()[pri:0, instance:rahulshettyacademy.tests.Submitorder@19b843ba]" started-at="2025-03-06T23:35:57 IST" name="orderHistoryTest" finished-at="2025-03-06T23:36:00 IST" depends-on-methods="rahulshettyacademy.tests.Submitorder.submitOrder" duration-ms="2909" status="PASS">
          <reporter-output>
          </reporter-output>
        </test-method> <!-- orderHistoryTest -->
        <test-method is-config="true" signature="tearDown()[pri:0, instance:rahulshettyacademy.tests.Submitorder@19b843ba]" started-at="2025-03-06T23:36:00 IST" name="tearDown" finished-at="2025-03-06T23:36:00 IST" duration-ms="94" status="PASS">
          <reporter-output>
          </reporter-output>
        </test-method> <!-- tearDown -->
      </class> <!-- rahulshettyacademy.tests.Submitorder -->
    </test> <!-- Default test -->
  </suite> <!-- Default suite -->
</testng-results>
